[debug] [2021-09-13T19:31:44.100Z] ----------------------------------------------------------------------
[debug] [2021-09-13T19:31:44.102Z] Command:       C:\Program Files\nodejs\node.exe C:\Users\Anar777\AppData\Roaming\npm\node_modules\firebase-tools\lib\bin\firebase.js init
[debug] [2021-09-13T19:31:44.102Z] CLI Version:   9.18.0
[debug] [2021-09-13T19:31:44.102Z] Platform:      win32
[debug] [2021-09-13T19:31:44.102Z] Node Version:  v12.18.0
[debug] [2021-09-13T19:31:44.103Z] Time:          Mon Sep 13 2021 23:31:44 GMT+0400 (GMT+04:00)
[debug] [2021-09-13T19:31:44.103Z] ----------------------------------------------------------------------
[debug] 
[debug] [2021-09-13T19:31:44.147Z] > command requires scopes: ["email","openid","https://www.googleapis.com/auth/cloudplatformprojects.readonly","https://www.googleapis.com/auth/firebase","https://www.googleapis.com/auth/cloud-platform"]
[debug] [2021-09-13T19:31:44.147Z] > authorizing via signed-in user (araz944memmedov@gmail.com)
[info] 
     ######## #### ########  ######## ########     ###     ######  ########
     ##        ##  ##     ## ##       ##     ##  ##   ##  ##       ##
     ######    ##  ########  ######   ########  #########  ######  ######
     ##        ##  ##    ##  ##       ##     ## ##     ##       ## ##
     ##       #### ##     ## ######## ########  ##     ##  ######  ########

You're about to initialize a Firebase project in this directory:

  C:\WebPageing\Redux\linkedin-clone-yt

Before we get started, keep in mind:

  * You are currently outside your home directory
  * You are initializing within an existing Firebase project directory

[info] 
=== Project Setup
[info] 
[info] First, let's associate this project directory with a Firebase project.
[info] You can create multiple project aliases by running firebase use --add, 
[info] but for now we'll just set up a default project.
[info] 
[info] i  .firebaserc already has a default project, using linkedin-clone-yt-12b8c. 
[debug] [2021-09-13T19:31:53.150Z] > refreshing access token with scopes: []
[debug] [2021-09-13T19:31:53.150Z] >>> HTTP REQUEST POST https://www.googleapis.com/oauth2/v3/token  
 <request body omitted>
[debug] [2021-09-13T19:31:53.419Z] <<< HTTP RESPONSE 200 {"expires":"Mon, 01 Jan 1990 00:00:00 GMT","date":"Mon, 13 Sep 2021 19:31:54 GMT","cache-control":"no-cache, no-store, max-age=0, must-revalidate","pragma":"no-cache","content-type":"application/json; charset=utf-8","vary":"X-Origin, Referer, Origin,Accept-Encoding","server":"scaffolding on HTTPServer2","x-xss-protection":"0","x-frame-options":"SAMEORIGIN","x-content-type-options":"nosniff","alt-svc":"h3=\":443\"; ma=2592000,h3-29=\":443\"; ma=2592000,h3-T051=\":443\"; ma=2592000,h3-Q050=\":443\"; ma=2592000,h3-Q046=\":443\"; ma=2592000,h3-Q043=\":443\"; ma=2592000,quic=\":443\"; ma=2592000; v=\"46,43\"","accept-ranges":"none","transfer-encoding":"chunked"}
[debug] [2021-09-13T19:31:53.490Z] >>> [apiv2][query] GET https://firebase.googleapis.com/v1beta1/projects/linkedin-clone-yt-12b8c [none]
[debug] [2021-09-13T19:31:53.918Z] <<< [apiv2][status] GET https://firebase.googleapis.com/v1beta1/projects/linkedin-clone-yt-12b8c 200
[debug] [2021-09-13T19:31:53.919Z] <<< [apiv2][body] GET https://firebase.googleapis.com/v1beta1/projects/linkedin-clone-yt-12b8c {"projectId":"linkedin-clone-yt-12b8c","projectNumber":"75670238834","displayName":"linkedin-clone-yt","name":"projects/linkedin-clone-yt-12b8c","resources":{"hostingSite":"linkedin-clone-yt-12b8c","realtimeDatabaseInstance":"linkedin-clone-yt-12b8c-default-rtdb","storageBucket":"linkedin-clone-yt-12b8c.appspot.com","locationId":"europe-west"},"state":"ACTIVE"}
[info] 
=== Database Setup
[info] i  database: ensuring required API firebasedatabase.googleapis.com is enabled... 
[debug] [2021-09-13T19:31:53.921Z] > refreshing access token with scopes: ["email","https://www.googleapis.com/auth/cloud-platform","https://www.googleapis.com/auth/cloudplatformprojects.readonly","https://www.googleapis.com/auth/firebase","openid"]
[debug] [2021-09-13T19:31:53.921Z] >>> HTTP REQUEST POST https://www.googleapis.com/oauth2/v3/token  
 <request body omitted>
[debug] [2021-09-13T19:31:54.245Z] <<< HTTP RESPONSE 200 {"expires":"Mon, 01 Jan 1990 00:00:00 GMT","date":"Mon, 13 Sep 2021 19:31:54 GMT","cache-control":"no-cache, no-store, max-age=0, must-revalidate","pragma":"no-cache","content-type":"application/json; charset=utf-8","vary":"X-Origin, Referer, Origin,Accept-Encoding","server":"scaffolding on HTTPServer2","x-xss-protection":"0","x-frame-options":"SAMEORIGIN","x-content-type-options":"nosniff","alt-svc":"h3=\":443\"; ma=2592000,h3-29=\":443\"; ma=2592000,h3-T051=\":443\"; ma=2592000,h3-Q050=\":443\"; ma=2592000,h3-Q046=\":443\"; ma=2592000,h3-Q043=\":443\"; ma=2592000,quic=\":443\"; ma=2592000; v=\"46,43\"","accept-ranges":"none","transfer-encoding":"chunked"}
[debug] [2021-09-13T19:31:54.342Z] >>> HTTP REQUEST GET https://serviceusage.googleapis.com/v1/projects/linkedin-clone-yt-12b8c/services/firebasedatabase.googleapis.com  
 
[debug] [2021-09-13T19:31:55.591Z] <<< HTTP RESPONSE 200 {"content-type":"application/json; charset=UTF-8","vary":"X-Origin, Referer, Origin,Accept-Encoding","date":"Mon, 13 Sep 2021 19:31:56 GMT","server":"ESF","cache-control":"private","x-xss-protection":"0","x-frame-options":"SAMEORIGIN","x-content-type-options":"nosniff","alt-svc":"h3=\":443\"; ma=2592000,h3-29=\":443\"; ma=2592000,h3-T051=\":443\"; ma=2592000,h3-Q050=\":443\"; ma=2592000,h3-Q046=\":443\"; ma=2592000,h3-Q043=\":443\"; ma=2592000,quic=\":443\"; ma=2592000; v=\"46,43\"","accept-ranges":"none","transfer-encoding":"chunked"}
[info] +  database: required API firebasedatabase.googleapis.com is enabled 
[info] 
[debug] [2021-09-13T19:31:55.592Z] > refreshing access token with scopes: []
[debug] [2021-09-13T19:31:55.593Z] >>> HTTP REQUEST POST https://www.googleapis.com/oauth2/v3/token  
 <request body omitted>
[debug] [2021-09-13T19:31:55.930Z] <<< HTTP RESPONSE 200 {"cache-control":"no-cache, no-store, max-age=0, must-revalidate","date":"Mon, 13 Sep 2021 19:31:56 GMT","pragma":"no-cache","expires":"Mon, 01 Jan 1990 00:00:00 GMT","content-type":"application/json; charset=utf-8","vary":"X-Origin, Referer, Origin,Accept-Encoding","server":"scaffolding on HTTPServer2","x-xss-protection":"0","x-frame-options":"SAMEORIGIN","x-content-type-options":"nosniff","alt-svc":"h3=\":443\"; ma=2592000,h3-29=\":443\"; ma=2592000,h3-T051=\":443\"; ma=2592000,h3-Q050=\":443\"; ma=2592000,h3-Q046=\":443\"; ma=2592000,h3-Q043=\":443\"; ma=2592000,quic=\":443\"; ma=2592000; v=\"46,43\"","accept-ranges":"none","transfer-encoding":"chunked"}
[debug] [2021-09-13T19:31:55.991Z] >>> [apiv2][query] GET https://firebase.googleapis.com/v1beta1/projects/linkedin-clone-yt-12b8c [none]
[debug] [2021-09-13T19:31:56.441Z] <<< [apiv2][status] GET https://firebase.googleapis.com/v1beta1/projects/linkedin-clone-yt-12b8c 200
[debug] [2021-09-13T19:31:56.441Z] <<< [apiv2][body] GET https://firebase.googleapis.com/v1beta1/projects/linkedin-clone-yt-12b8c {"projectId":"linkedin-clone-yt-12b8c","projectNumber":"75670238834","displayName":"linkedin-clone-yt","name":"projects/linkedin-clone-yt-12b8c","resources":{"hostingSite":"linkedin-clone-yt-12b8c","realtimeDatabaseInstance":"linkedin-clone-yt-12b8c-default-rtdb","storageBucket":"linkedin-clone-yt-12b8c.appspot.com","locationId":"europe-west"},"state":"ACTIVE"}
[debug] [2021-09-13T19:31:56.441Z] > refreshing access token with scopes: ["email","https://www.googleapis.com/auth/cloud-platform","https://www.googleapis.com/auth/cloudplatformprojects.readonly","https://www.googleapis.com/auth/firebase","openid"]
[debug] [2021-09-13T19:31:56.441Z] >>> HTTP REQUEST POST https://www.googleapis.com/oauth2/v3/token  
 <request body omitted>
[debug] [2021-09-13T19:31:56.692Z] <<< HTTP RESPONSE 200 {"expires":"Mon, 01 Jan 1990 00:00:00 GMT","pragma":"no-cache","date":"Mon, 13 Sep 2021 19:31:57 GMT","cache-control":"no-cache, no-store, max-age=0, must-revalidate","content-type":"application/json; charset=utf-8","vary":"X-Origin, Referer, Origin,Accept-Encoding","server":"scaffolding on HTTPServer2","x-xss-protection":"0","x-frame-options":"SAMEORIGIN","x-content-type-options":"nosniff","alt-svc":"h3=\":443\"; ma=2592000,h3-29=\":443\"; ma=2592000,h3-T051=\":443\"; ma=2592000,h3-Q050=\":443\"; ma=2592000,h3-Q046=\":443\"; ma=2592000,h3-Q043=\":443\"; ma=2592000,quic=\":443\"; ma=2592000; v=\"46,43\"","accept-ranges":"none","transfer-encoding":"chunked"}
[debug] [2021-09-13T19:31:56.775Z] >>> HTTP REQUEST GET https://firebasedatabase.googleapis.com/v1beta/projects/linkedin-clone-yt-12b8c/locations/-/instances/linkedin-clone-yt-12b8c-default-rtdb  
 
[debug] [2021-09-13T19:31:57.261Z] <<< HTTP RESPONSE 200 {"content-type":"application/json; charset=UTF-8","vary":"X-Origin, Referer, Origin,Accept-Encoding","date":"Mon, 13 Sep 2021 19:31:57 GMT","server":"ESF","cache-control":"private","x-xss-protection":"0","x-frame-options":"SAMEORIGIN","x-content-type-options":"nosniff","alt-svc":"h3=\":443\"; ma=2592000,h3-29=\":443\"; ma=2592000,h3-T051=\":443\"; ma=2592000,h3-Q050=\":443\"; ma=2592000,h3-Q046=\":443\"; ma=2592000,h3-Q043=\":443\"; ma=2592000,quic=\":443\"; ma=2592000; v=\"46,43\"","accept-ranges":"none","transfer-encoding":"chunked"}
[info] 
[info] Firebase Realtime Database Security Rules allow you to define how your data should be
[info] structured and when your data can be read from and written to.
[info] 
[debug] [2021-09-13T19:32:04.283Z] >>> HTTP REQUEST GET https://linkedin-clone-yt-12b8c-default-rtdb.europe-west1.firebasedatabase.app/.settings/rules.json  
 
[debug] [2021-09-13T19:32:04.656Z] <<< HTTP RESPONSE 200 {"server":"nginx","date":"Mon, 13 Sep 2021 19:32:05 GMT","content-type":"application/json; charset=utf-8","content-length":"161","connection":"keep-alive","access-control-allow-origin":"*","cache-control":"no-cache","strict-transport-security":"max-age=31556926; includeSubDomains; preload"}
[info] +  Database Rules for linkedin-clone-yt-12b8c-default-rtdb have been written to database.rules.json. 
[info] Future modifications to database.rules.json will update Realtime Database Security Rules when you run
[info] firebase deploy.
[info] 
=== Firestore Setup
[debug] [2021-09-13T19:32:04.660Z] >>> HTTP REQUEST GET https://serviceusage.googleapis.com/v1/projects/linkedin-clone-yt-12b8c/services/firestore.googleapis.com  
 
[debug] [2021-09-13T19:32:05.964Z] <<< HTTP RESPONSE 200 {"content-type":"application/json; charset=UTF-8","vary":"X-Origin, Referer, Origin,Accept-Encoding","date":"Mon, 13 Sep 2021 19:32:06 GMT","server":"ESF","cache-control":"private","x-xss-protection":"0","x-frame-options":"SAMEORIGIN","x-content-type-options":"nosniff","alt-svc":"h3=\":443\"; ma=2592000,h3-29=\":443\"; ma=2592000,h3-T051=\":443\"; ma=2592000,h3-Q050=\":443\"; ma=2592000,h3-Q046=\":443\"; ma=2592000,h3-Q043=\":443\"; ma=2592000,quic=\":443\"; ma=2592000; v=\"46,43\"","accept-ranges":"none","transfer-encoding":"chunked"}
[debug] [2021-09-13T19:32:05.964Z] >>> HTTP REQUEST GET https://appengine.googleapis.com/v1/apps/linkedin-clone-yt-12b8c  
 
[debug] [2021-09-13T19:32:06.608Z] <<< HTTP RESPONSE 200 {"content-type":"application/json; charset=UTF-8","vary":"X-Origin, Referer, Origin,Accept-Encoding","date":"Mon, 13 Sep 2021 19:32:07 GMT","server":"ESF","cache-control":"private","x-xss-protection":"0","x-frame-options":"SAMEORIGIN","x-content-type-options":"nosniff","alt-svc":"h3=\":443\"; ma=2592000,h3-29=\":443\"; ma=2592000,h3-T051=\":443\"; ma=2592000,h3-Q050=\":443\"; ma=2592000,h3-Q046=\":443\"; ma=2592000,h3-Q043=\":443\"; ma=2592000,quic=\":443\"; ma=2592000; v=\"46,43\"","accept-ranges":"none","transfer-encoding":"chunked"}
[debug] [2021-09-13T19:32:06.609Z] database_type: CLOUD_FIRESTORE
[debug] [2021-09-13T19:32:06.609Z] > command requires scopes: ["email","openid","https://www.googleapis.com/auth/cloudplatformprojects.readonly","https://www.googleapis.com/auth/firebase","https://www.googleapis.com/auth/cloud-platform"]
[debug] [2021-09-13T19:32:06.609Z] > authorizing via signed-in user (araz944memmedov@gmail.com)
[debug] [2021-09-13T19:32:06.609Z] [iam] checking project linkedin-clone-yt-12b8c for permissions ["firebase.projects.get"]
[debug] [2021-09-13T19:32:06.609Z] >>> HTTP REQUEST POST https://cloudresourcemanager.googleapis.com/v1/projects/linkedin-clone-yt-12b8c:testIamPermissions  
 {"permissions":["firebase.projects.get"]}
[debug] [2021-09-13T19:32:07.725Z] <<< HTTP RESPONSE 200 {"content-type":"application/json; charset=UTF-8","vary":"X-Origin, Referer, Origin,Accept-Encoding","date":"Mon, 13 Sep 2021 19:32:08 GMT","server":"ESF","cache-control":"private","x-xss-protection":"0","x-frame-options":"SAMEORIGIN","x-content-type-options":"nosniff","server-timing":"gfet4t7; dur=774","alt-svc":"h3=\":443\"; ma=2592000,h3-29=\":443\"; ma=2592000,h3-T051=\":443\"; ma=2592000,h3-Q050=\":443\"; ma=2592000,h3-Q046=\":443\"; ma=2592000,h3-Q043=\":443\"; ma=2592000,quic=\":443\"; ma=2592000; v=\"46,43\"","accept-ranges":"none","transfer-encoding":"chunked"}
[info] 
[info] Firestore Security Rules allow you to define how and when to allow
[info] requests. You can keep these rules in your project directory
[info] and publish them with firebase deploy.
[info] 
[debug] [2021-09-13T19:32:12.819Z] >>> HTTP REQUEST GET https://firebaserules.googleapis.com/v1/projects/linkedin-clone-yt-12b8c/releases?pageSize=10&pageToken=  
 
[debug] [2021-09-13T19:32:13.811Z] <<< HTTP RESPONSE 200 {"content-type":"application/json; charset=UTF-8","vary":"X-Origin, Referer, Origin,Accept-Encoding","date":"Mon, 13 Sep 2021 19:32:14 GMT","server":"ESF","cache-control":"private","x-xss-protection":"0","x-frame-options":"SAMEORIGIN","x-content-type-options":"nosniff","alt-svc":"h3=\":443\"; ma=2592000,h3-29=\":443\"; ma=2592000,h3-T051=\":443\"; ma=2592000,h3-Q050=\":443\"; ma=2592000,h3-Q046=\":443\"; ma=2592000,h3-Q043=\":443\"; ma=2592000,quic=\":443\"; ma=2592000; v=\"46,43\"","accept-ranges":"none","transfer-encoding":"chunked"}
[debug] [2021-09-13T19:32:13.811Z] Found ruleset: projects/linkedin-clone-yt-12b8c/rulesets/d5d60844-e784-4846-90ad-635e39278484
[debug] [2021-09-13T19:32:13.811Z] >>> HTTP REQUEST GET https://firebaserules.googleapis.com/v1/projects/linkedin-clone-yt-12b8c/rulesets/d5d60844-e784-4846-90ad-635e39278484  
 
[debug] [2021-09-13T19:32:14.741Z] <<< HTTP RESPONSE 200 {"content-type":"application/json; charset=UTF-8","vary":"X-Origin, Referer, Origin,Accept-Encoding","date":"Mon, 13 Sep 2021 19:32:15 GMT","server":"ESF","cache-control":"private","x-xss-protection":"0","x-frame-options":"SAMEORIGIN","x-content-type-options":"nosniff","alt-svc":"h3=\":443\"; ma=2592000,h3-29=\":443\"; ma=2592000,h3-T051=\":443\"; ma=2592000,h3-Q050=\":443\"; ma=2592000,h3-Q046=\":443\"; ma=2592000,h3-Q043=\":443\"; ma=2592000,quic=\":443\"; ma=2592000; v=\"46,43\"","accept-ranges":"none","transfer-encoding":"chunked"}
[info] 
[info] Firestore indexes allow you to perform complex queries while
[info] maintaining performance that scales with the size of the result
[info] set. You can keep index definitions in your project directory
[info] and publish them with firebase deploy.
[info] 
[debug] [2021-09-13T19:32:17.456Z] >>> HTTP REQUEST GET https://firestore.googleapis.com/v1/projects/linkedin-clone-yt-12b8c/databases/(default)/collectionGroups/-/indexes  
 
[debug] [2021-09-13T19:32:17.456Z] >>> HTTP REQUEST GET https://firestore.googleapis.com/v1/projects/linkedin-clone-yt-12b8c/databases/(default)/collectionGroups/-/fields?filter=indexConfig.usesAncestorConfig=false  
 
[debug] [2021-09-13T19:32:17.998Z] <<< HTTP RESPONSE 200 {"content-type":"application/json; charset=UTF-8","vary":"X-Origin, Referer, Origin,Accept-Encoding","date":"Mon, 13 Sep 2021 19:32:18 GMT","server":"ESF","cache-control":"private","x-xss-protection":"0","x-frame-options":"SAMEORIGIN","x-content-type-options":"nosniff","alt-svc":"h3=\":443\"; ma=2592000,h3-29=\":443\"; ma=2592000,h3-T051=\":443\"; ma=2592000,h3-Q050=\":443\"; ma=2592000,h3-Q046=\":443\"; ma=2592000,h3-Q043=\":443\"; ma=2592000,quic=\":443\"; ma=2592000; v=\"46,43\"","accept-ranges":"none","transfer-encoding":"chunked"}
[debug] [2021-09-13T19:32:18.007Z] <<< HTTP RESPONSE 200 {"content-type":"application/json; charset=UTF-8","vary":"X-Origin, Referer, Origin,Accept-Encoding","date":"Mon, 13 Sep 2021 19:32:18 GMT","server":"ESF","cache-control":"private","x-xss-protection":"0","x-frame-options":"SAMEORIGIN","x-content-type-options":"nosniff","alt-svc":"h3=\":443\"; ma=2592000,h3-29=\":443\"; ma=2592000,h3-T051=\":443\"; ma=2592000,h3-Q050=\":443\"; ma=2592000,h3-Q046=\":443\"; ma=2592000,h3-Q043=\":443\"; ma=2592000,quic=\":443\"; ma=2592000; v=\"46,43\"","accept-ranges":"none","transfer-encoding":"chunked"}
[info] 
=== Functions Setup
[info] 
[info] A functions directory will be created in your project with sample code
[info] pre-configured. Functions can be deployed with firebase deploy.
[info] 
[debug] [2021-09-13T19:32:18.010Z] > command requires scopes: ["email","openid","https://www.googleapis.com/auth/cloudplatformprojects.readonly","https://www.googleapis.com/auth/firebase","https://www.googleapis.com/auth/cloud-platform"]
[debug] [2021-09-13T19:32:18.010Z] > authorizing via signed-in user (araz944memmedov@gmail.com)
[debug] [2021-09-13T19:32:18.010Z] [iam] checking project linkedin-clone-yt-12b8c for permissions ["firebase.projects.get"]
[debug] [2021-09-13T19:32:18.011Z] >>> HTTP REQUEST POST https://cloudresourcemanager.googleapis.com/v1/projects/linkedin-clone-yt-12b8c:testIamPermissions  
 {"permissions":["firebase.projects.get"]}
[debug] [2021-09-13T19:32:19.076Z] <<< HTTP RESPONSE 200 {"content-type":"application/json; charset=UTF-8","vary":"X-Origin, Referer, Origin,Accept-Encoding","date":"Mon, 13 Sep 2021 19:32:19 GMT","server":"ESF","cache-control":"private","x-xss-protection":"0","x-frame-options":"SAMEORIGIN","x-content-type-options":"nosniff","server-timing":"gfet4t7; dur=774","alt-svc":"h3=\":443\"; ma=2592000,h3-29=\":443\"; ma=2592000,h3-T051=\":443\"; ma=2592000,h3-Q050=\":443\"; ma=2592000,h3-Q046=\":443\"; ma=2592000,h3-Q043=\":443\"; ma=2592000,quic=\":443\"; ma=2592000; v=\"46,43\"","accept-ranges":"none","transfer-encoding":"chunked"}
[debug] [2021-09-13T19:32:19.077Z] >>> HTTP REQUEST POST https://serviceusage.googleapis.com/v1/projects/linkedin-clone-yt-12b8c/services/cloudfunctions.googleapis.com:enable  
 
[debug] [2021-09-13T19:32:19.077Z] >>> HTTP REQUEST POST https://serviceusage.googleapis.com/v1/projects/linkedin-clone-yt-12b8c/services/runtimeconfig.googleapis.com:enable  
 
[debug] [2021-09-13T19:32:20.215Z] <<< HTTP RESPONSE 200 {"content-type":"application/json; charset=UTF-8","vary":"X-Origin, Referer, Origin,Accept-Encoding","date":"Mon, 13 Sep 2021 19:32:20 GMT","server":"ESF","cache-control":"private","x-xss-protection":"0","x-frame-options":"SAMEORIGIN","x-content-type-options":"nosniff","alt-svc":"h3=\":443\"; ma=2592000,h3-29=\":443\"; ma=2592000,h3-T051=\":443\"; ma=2592000,h3-Q050=\":443\"; ma=2592000,h3-Q046=\":443\"; ma=2592000,h3-Q043=\":443\"; ma=2592000,quic=\":443\"; ma=2592000; v=\"46,43\"","accept-ranges":"none","transfer-encoding":"chunked"}
[debug] [2021-09-13T19:32:20.840Z] <<< HTTP RESPONSE 200 {"content-type":"application/json; charset=UTF-8","vary":"X-Origin, Referer, Origin,Accept-Encoding","date":"Mon, 13 Sep 2021 19:32:21 GMT","server":"ESF","cache-control":"private","x-xss-protection":"0","x-frame-options":"SAMEORIGIN","x-content-type-options":"nosniff","alt-svc":"h3=\":443\"; ma=2592000,h3-29=\":443\"; ma=2592000,h3-T051=\":443\"; ma=2592000,h3-Q050=\":443\"; ma=2592000,h3-Q046=\":443\"; ma=2592000,h3-Q043=\":443\"; ma=2592000,quic=\":443\"; ma=2592000; v=\"46,43\"","accept-ranges":"none","transfer-encoding":"chunked"}
[info] +  Wrote functions/package.json 
[info] +  Wrote functions/index.js 
[info] +  Wrote functions/.gitignore 
[info] 
=== Hosting Setup
[info] 
[info] Your public directory is the folder (relative to your project directory) that
[info] will contain Hosting assets to be uploaded with firebase deploy. If you
[info] have a build process for your assets, use your build's output directory.
[info] 
[debug] [2021-09-13T19:35:26.207Z] >>> [apiv2][query] GET https://www.gstatic.com/firebasejs/releases.json [none]
[debug] [2021-09-13T19:35:26.491Z] <<< [apiv2][status] GET https://www.gstatic.com/firebasejs/releases.json 200
[debug] [2021-09-13T19:35:26.491Z] <<< [apiv2][body] GET https://www.gstatic.com/firebasejs/releases.json {"current":{"version":"9.0.2","browserURL":"https://www.gstatic.com/firebasejs/9.0.2/firebase.js","packageURL":"https://www.gstatic.com/firebasejs/9.0.2/firebase.tgz"},"live":{"version":"9.0","browserURL":"https://www.gstatic.com/firebasejs/live/9.0/firebase.js","packageURL":"https://www.gstatic.com/firebasejs/live/9.0/firebase.tgz"},"components":{"analytics":"https://www.gstatic.com/firebasejs/9.0.2/firebase-analytics.js","app":"https://www.gstatic.com/firebasejs/9.0.2/firebase-app.js","app-check":"https://www.gstatic.com/firebasejs/9.0.2/firebase-app-check.js","auth":"https://www.gstatic.com/firebasejs/9.0.2/firebase-auth.js","auth/cordova":"https://www.gstatic.com/firebasejs/9.0.2/firebase-auth/cordova.js","auth/react-native":"https://www.gstatic.com/firebasejs/9.0.2/firebase-auth/react-native.js","functions":"https://www.gstatic.com/firebasejs/9.0.2/firebase-functions.js","firestore":"https://www.gstatic.com/firebasejs/9.0.2/firebase-firestore.js","firestore/lite":"https://www.gstatic.com/firebasejs/9.0.2/firebase-firestore/lite.js","storage":"https://www.gstatic.com/firebasejs/9.0.2/firebase-storage.js","performance":"https://www.gstatic.com/firebasejs/9.0.2/firebase-performance.js","remote-config":"https://www.gstatic.com/firebasejs/9.0.2/firebase-remote-config.js","messaging":"https://www.gstatic.com/firebasejs/9.0.2/firebase-messaging.js","messaging/sw":"https://www.gstatic.com/firebasejs/9.0.2/firebase-messaging/sw.js","database":"https://www.gstatic.com/firebasejs/9.0.2/firebase-database.js","firestore.memory":"https://www.gstatic.com/firebasejs/9.0.2/firebase-firestore.memory.js"}}
[info] +  Wrote build/index.html 
[info] 
=== Hosting:github Setup
[info] 
[info] i  Detected a .git folder at C:\WebPageing\Redux\linkedin-clone-yt 
[info] i  Authorizing with GitHub to upload your service account to a GitHub repository's secrets store. 
[info] 
[info] Visit this URL on this device to log in:
[info] https://github.com/login/oauth/authorize?client_id=89cf50f02ac6aaed3484&state=61300834&redirect_uri=http%3A%2F%2Flocalhost%3A9005&scope=read%3Auser%20repo%20public_repo
[info] 
[info] Waiting for authentication...
[debug] [2021-09-13T19:35:34.542Z] Error: spawn cmd ENOENT
    at Process.ChildProcess._handle.onexit (internal/child_process.js:267:19)
    at onErrorNT (internal/child_process.js:469:16)
    at processTicksAndRejections (internal/process/task_queues.js:84:21)
[error] 
[error] Error: An unexpected error has occurred.
